<?xml version="1.0" encoding="UTF-8"?>
<robot generator="Robot 6.1.1 (Python 3.11.3 on win32)" generated="20231223 17:54:08.263" rpa="false" schemaversion="4">
<suite id="s1" name="Test-Suite-1" source="C:\Users\ASUS\Downloads\basic-automation-main\basic-automation-main\project-demo\test-suite-1.robot">
<test id="s1-t1" name="testcase-1" line="23">
<kw name="Login Success">
<kw name="Open Browser" library="SeleniumLibrary">
<arg>${HOST}</arg>
<arg>${BROWSER}</arg>
<doc>Opens a new browser instance to the optional ``url``.</doc>
<msg timestamp="20231223 17:54:08.556" level="INFO">Opening browser 'chrome' to base url 'http://localhost/db_wp/login/userLogin.php'.</msg>
<status status="PASS" starttime="20231223 17:54:08.556" endtime="20231223 17:54:12.539"/>
</kw>
<kw name="Input Text" library="SeleniumLibrary">
<arg>name:username</arg>
<arg>${EMAIL}</arg>
<doc>Types the given ``text`` into the text field identified by ``locator``.</doc>
<msg timestamp="20231223 17:54:12.541" level="INFO">Typing text 'Fathin' into text field 'name:username'.</msg>
<status status="PASS" starttime="20231223 17:54:12.541" endtime="20231223 17:54:12.793"/>
</kw>
<kw name="Input Text" library="SeleniumLibrary">
<arg>name:password</arg>
<arg>${PASS-1}</arg>
<doc>Types the given ``text`` into the text field identified by ``locator``.</doc>
<msg timestamp="20231223 17:54:12.793" level="INFO">Typing text 'Fathin123' into text field 'name:password'.</msg>
<status status="PASS" starttime="20231223 17:54:12.793" endtime="20231223 17:54:12.907"/>
</kw>
<kw name="Click Element" library="SeleniumLibrary">
<arg>xpath://button[@type='submit']</arg>
<doc>Click the element identified by ``locator``.</doc>
<msg timestamp="20231223 17:54:12.908" level="INFO">Clicking element 'xpath://button[@type='submit']'.</msg>
<status status="PASS" starttime="20231223 17:54:12.908" endtime="20231223 17:54:13.053"/>
</kw>
<status status="PASS" starttime="20231223 17:54:08.556" endtime="20231223 17:54:13.053"/>
</kw>
<kw name="Close Browser" library="SeleniumLibrary">
<doc>Closes the current browser.</doc>
<status status="PASS" starttime="20231223 17:54:13.053" endtime="20231223 17:54:15.446"/>
</kw>
<status status="PASS" starttime="20231223 17:54:08.555" endtime="20231223 17:54:15.446"/>
</test>
<test id="s1-t2" name="testcase-2" line="28">
<kw name="Open Browser" library="SeleniumLibrary">
<arg>${HOST}</arg>
<arg>${BROWSER}</arg>
<doc>Opens a new browser instance to the optional ``url``.</doc>
<msg timestamp="20231223 17:54:15.450" level="INFO">Opening browser 'chrome' to base url 'http://localhost/db_wp/login/userLogin.php'.</msg>
<status status="PASS" starttime="20231223 17:54:15.450" endtime="20231223 17:54:18.937"/>
</kw>
<kw name="Input Text" library="SeleniumLibrary">
<arg>name:username</arg>
<arg>${EMAIL}</arg>
<doc>Types the given ``text`` into the text field identified by ``locator``.</doc>
<msg timestamp="20231223 17:54:18.940" level="INFO">Typing text 'Fathin' into text field 'name:username'.</msg>
<status status="PASS" starttime="20231223 17:54:18.938" endtime="20231223 17:54:19.200"/>
</kw>
<kw name="Input Text" library="SeleniumLibrary">
<arg>name:password</arg>
<arg>${PASS-1}</arg>
<doc>Types the given ``text`` into the text field identified by ``locator``.</doc>
<msg timestamp="20231223 17:54:19.202" level="INFO">Typing text 'Fathin123' into text field 'name:password'.</msg>
<status status="PASS" starttime="20231223 17:54:19.201" endtime="20231223 17:54:19.372"/>
</kw>
<kw name="Click Element" library="SeleniumLibrary">
<arg>xpath://button[@type='submit']</arg>
<doc>Click the element identified by ``locator``.</doc>
<msg timestamp="20231223 17:54:19.372" level="INFO">Clicking element 'xpath://button[@type='submit']'.</msg>
<status status="PASS" starttime="20231223 17:54:19.372" endtime="20231223 17:54:19.528"/>
</kw>
<kw name="Close Browser" library="SeleniumLibrary">
<doc>Closes the current browser.</doc>
<status status="PASS" starttime="20231223 17:54:19.528" endtime="20231223 17:54:21.835"/>
</kw>
<status status="PASS" starttime="20231223 17:54:15.449" endtime="20231223 17:54:21.836"/>
</test>
<status status="PASS" starttime="20231223 17:54:08.264" endtime="20231223 17:54:21.838"/>
</suite>
<statistics>
<total>
<stat pass="2" fail="0" skip="0">All Tests</stat>
</total>
<tag>
</tag>
<suite>
<stat pass="2" fail="0" skip="0" id="s1" name="Test-Suite-1">Test-Suite-1</stat>
</suite>
</statistics>
<errors>
</errors>
</robot>
